# JRE version: OpenJDK Runtime Environment (23.0.2+7) (build 23.0.2+7-58)
# Java VM: OpenJDK 64-Bit Server VM (23.0.2+7-58, mixed mode, sharing, tiered, compressed oops, compressed class ptrs, g1 gc, windows-amd64)
GC Precious Log:
 CardTable entry size: 512
 Card Set container configuration: InlinePtr #cards 4 size 8 Array Of Cards #cards 16 size 48 Howl #buckets 8 coarsen threshold 3686 Howl Bitmap #cards 512 size 80 coarsen threshold 460 Card regions per heap region 1 cards per card region 4096
 CPUs: 6 total, 6 available
 Memory: 16158M
 Large Page Support: Disabled
 NUMA Support: Disabled
 Compressed Oops: Enabled (Zero based)
 Heap Region Size: 2M
 Heap Min Capacity: 8M
 Heap Initial Capacity: 254M
 Heap Max Capacity: 4040M
 Pre-touch: Disabled
 Parallel Workers: 6
 Concurrent Workers: 2
 Concurrent Refinement Workers: 6
 Periodic GC: Disabled
Heap:
 garbage-first heap   total reserved 4136960K, committed 81920K, used 41563K [0x0000000703800000, 0x0000000800000000)
  region size 2048K, 3 young (6144K), 2 survivors (4096K)
 Metaspace       used 53598K, committed 54592K, reserved 1114112K
  class space    used 6625K, committed 7040K, reserved 1048576K
GC Heap History (16 events):
Event: 0.409 GC heap before
{Heap before GC invocations=0 (full 0):
 garbage-first heap   total reserved 4136960K, committed 260096K, used 20480K [0x0000000703800000, 0x0000000800000000)
  region size 2048K, 11 young (22528K), 0 survivors (0K)
 Metaspace       used 2206K, committed 2368K, reserved 1114112K
  class space    used 177K, committed 256K, reserved 1048576K
}
Event: 0.413 GC heap after
{Heap after GC invocations=1 (full 0):
 garbage-first heap   total reserved 4136960K, committed 260096K, used 12918K [0x0000000703800000, 0x0000000800000000)
  region size 2048K, 2 young (4096K), 2 survivors (4096K)
 Metaspace       used 2206K, committed 2368K, reserved 1114112K
  class space    used 177K, committed 256K, reserved 1048576K
}
Event: 0.701 GC heap before
{Heap before GC invocations=1 (full 0):
 garbage-first heap   total reserved 4136960K, committed 260096K, used 25206K [0x0000000703800000, 0x0000000800000000)
  region size 2048K, 8 young (16384K), 2 survivors (4096K)
 Metaspace       used 5485K, committed 5696K, reserved 1114112K
  class space    used 644K, committed 768K, reserved 1048576K
}
Event: 0.703 GC heap after
{Heap after GC invocations=2 (full 0):
 garbage-first heap   total reserved 4136960K, committed 260096K, used 13767K [0x0000000703800000, 0x0000000800000000)
  region size 2048K, 1 young (2048K), 1 survivors (2048K)
 Metaspace       used 5485K, committed 5696K, reserved 1114112K
  class space    used 644K, committed 768K, reserved 1048576K
}
Event: 1.632 GC heap before
{Heap before GC invocations=2 (full 0):
 garbage-first heap   total reserved 4136960K, committed 260096K, used 67015K [0x0000000703800000, 0x0000000800000000)
  region size 2048K, 28 young (57344K), 1 survivors (2048K)
 Metaspace       used 19929K, committed 20288K, reserved 1114112K
  class space    used 2224K, committed 2368K, reserved 1048576K
}
Event: 1.636 GC heap after
{Heap after GC invocations=3 (full 0):
 garbage-first heap   total reserved 4136960K, committed 260096K, used 18481K [0x0000000703800000, 0x0000000800000000)
  region size 2048K, 3 young (6144K), 3 survivors (6144K)
 Metaspace       used 19929K, committed 20288K, reserved 1114112K
  class space    used 2224K, committed 2368K, reserved 1048576K
}
Event: 1.672 GC heap before
{Heap before GC invocations=3 (full 0):
 garbage-first heap   total reserved 4136960K, committed 260096K, used 20529K [0x0000000703800000, 0x0000000800000000)
  region size 2048K, 6 young (12288K), 3 survivors (6144K)
 Metaspace       used 21263K, committed 21504K, reserved 1114112K
  class space    used 2325K, committed 2432K, reserved 1048576K
}
Event: 1.676 GC heap after
{Heap after GC invocations=4 (full 0):
 garbage-first heap   total reserved 4136960K, committed 260096K, used 22655K [0x0000000703800000, 0x0000000800000000)
  region size 2048K, 1 young (2048K), 1 survivors (2048K)
 Metaspace       used 21263K, committed 21504K, reserved 1114112K
  class space    used 2325K, committed 2432K, reserved 1048576K
}
Event: 2.171 GC heap before
{Heap before GC invocations=5 (full 0):
 garbage-first heap   total reserved 4136960K, committed 81920K, used 69759K [0x0000000703800000, 0x0000000800000000)
  region size 2048K, 24 young (49152K), 1 survivors (2048K)
 Metaspace       used 31905K, committed 32320K, reserved 1114112K
  class space    used 3382K, committed 3584K, reserved 1048576K
}
Event: 2.177 GC heap after
{Heap after GC invocations=6 (full 0):
 garbage-first heap   total reserved 4136960K, committed 81920K, used 25434K [0x0000000703800000, 0x0000000800000000)
  region size 2048K, 3 young (6144K), 3 survivors (6144K)
 Metaspace       used 31905K, committed 32320K, reserved 1114112K
  class space    used 3382K, committed 3584K, reserved 1048576K
}
Event: 2.371 GC heap before
{Heap before GC invocations=6 (full 0):
 garbage-first heap   total reserved 4136960K, committed 81920K, used 45914K [0x0000000703800000, 0x0000000800000000)
  region size 2048K, 14 young (28672K), 3 survivors (6144K)
 Metaspace       used 35457K, committed 35968K, reserved 1114112K
  class space    used 3931K, committed 4160K, reserved 1048576K
}
Event: 2.379 GC heap after
{Heap after GC invocations=7 (full 0):
 garbage-first heap   total reserved 4136960K, committed 81920K, used 28713K [0x0000000703800000, 0x0000000800000000)
  region size 2048K, 2 young (4096K), 2 survivors (4096K)
 Metaspace       used 35457K, committed 35968K, reserved 1114112K
  class space    used 3931K, committed 4160K, reserved 1048576K
}
Event: 2.607 GC heap before
{Heap before GC invocations=8 (full 0):
 garbage-first heap   total reserved 4136960K, committed 81920K, used 61481K [0x0000000703800000, 0x0000000800000000)
  region size 2048K, 18 young (36864K), 2 survivors (4096K)
 Metaspace       used 38702K, committed 39424K, reserved 1114112K
  class space    used 4337K, committed 4672K, reserved 1048576K
}
Event: 2.611 GC heap after
{Heap after GC invocations=9 (full 0):
 garbage-first heap   total reserved 4136960K, committed 81920K, used 32532K [0x0000000703800000, 0x0000000800000000)
  region size 2048K, 3 young (6144K), 3 survivors (6144K)
 Metaspace       used 38702K, committed 39424K, reserved 1114112K
  class space    used 4337K, committed 4672K, reserved 1048576K
}
Event: 3.975 GC heap before
{Heap before GC invocations=9 (full 0):
 garbage-first heap   total reserved 4136960K, committed 81920K, used 63252K [0x0000000703800000, 0x0000000800000000)
  region size 2048K, 18 young (36864K), 3 survivors (6144K)
 Metaspace       used 47281K, committed 48192K, reserved 1114112K
  class space    used 5624K, committed 6016K, reserved 1048576K
}
Event: 3.988 GC heap after
{Heap after GC invocations=10 (full 0):
 garbage-first heap   total reserved 4136960K, committed 81920K, used 38060K [0x0000000703800000, 0x0000000800000000)
  region size 2048K, 3 young (6144K), 3 survivors (6144K)
 Metaspace       used 47281K, committed 48192K, reserved 1114112K
  class space    used 5624K, committed 6016K, reserved 1048576K
}

