[INFO ] 2025-09-02 00:29:06.775 [main] ReportManager - 
[0;7m------------------------------------------------------------------------------------------------------------------------------------------------
                                                    Powered by [1mSHAFT v.9.2.20250409[22m                                                    
                                   Visit SHAFT's user guide [4mhttps://shafthq.github.io/[24m to learn more                                   
------------------------------------------------------------------------------------------------------------------------------------------------
[0m
[INFO ] 2025-09-02 00:29:06.794 [] ReportManager - Checking for engine updates...
[INFO ] 2025-09-02 00:29:06.807 [main] ReportManager - Initializing Allure Reporting Environment...
[INFO ] 2025-09-02 00:29:06.949 [] ReportManager - Initializing Summary Reporting Environment...
[INFO ] 2025-09-02 00:29:07.418 [main] ReportManager - TestNG run detected...
[INFO ] 2025-09-02 00:29:07.567 [main] Utils - [TestNG] Running:
  C:\Users\Hatem Mamdouh\AppData\Local\JetBrains\IdeaIC2024.2\temp-testng-customsuite.xml

[INFO ] 2025-09-02 00:29:07.585 [main] ReportManager - 
[0;7m------------------------------------------------------------------------------------------------------------------------------------------------
                                             Starting execution of browsersetup configuration method                                             
                                                            'Stafftest.browsersetup'                                                            
------------------------------------------------------------------------------------------------------------------------------------------------
[0m
[INFO ] 2025-09-02 00:29:07.796 [] ReportManager - Loaded OpenCV "opencv_java490".
[INFO ] 2025-09-02 00:29:07.820 [main] ReportManager - Post processing some properties to support platforms-specific restrictions.
[INFO ] 2025-09-02 00:29:07.832 [main] ReportManager - Setting "targetOperatingSystem" property with "windows".
[INFO ] 2025-09-02 00:29:07.902 [main] ReportManager - Setting "screenshotParams_scalingFactor" property with "1.0".
[INFO ] 2025-09-02 00:29:07.922 [main] ReportManager - Capabilities {acceptInsecureCerts: true, browserName: chrome, goog:chromeOptions: {args: [--disable-search-engine-cho..., --remote-allow-origins=*, --enable-automation, --disable-background-timer-..., --disable-backgrounding-occ..., --disable-features=Optimiza..., --disable-hang-monitor, --disable-domain-reliability, --disable-renderer-backgrou..., --metrics-recording-only, --no-first-run, --no-default-browser-check, --silent-debugger-extension..., --disable-extensions, --disable-component-extensi..., --disable-dev-shm-usage, --disable-ipc-flooding-prot..., --disable-background-networ..., --mute-audio, --disable-breakpad, --ignore-certificate-errors, --disable-device-discovery-..., --force-color-profile=srgb, --hide-scrollbars, --host-resolver-rules, --no-pings, --disable-sync, --disable-field-trial-config, --enable-features=NetworkSe..., --enable-features=NetworkSe..., --enable-use-zoom-for-dsf, --log-net-log, --net-log-capture-mode, --disable-client-side-phish..., --disable-default-apps, --remote-debugging-port=65025, --no-sandbox, --start-maximized], extensions: [], prefs: {download.default_directory: E:\staff\target\downloadedF..., download.prompt_for_download: false, profile.default_content_settings.popups: 0}}, pageLoadStrategy: none, timeouts: {pageLoad: 30000, script: 30000}, unhandledPromptBehavior: ignore, webSocketUrl: true}
[INFO ] 2025-09-02 00:29:07.923 [main] ReportManager - Attempting to run locally on: "Windows | Chrome".
[INFO ] 2025-09-02 00:29:07.924 [main] ReportManager - Identifying OS/Driver combination. Please note that if a new browser/driver executable will be downloaded it may take some time depending on your connection...
[DEBUG] 2025-09-02 00:29:08.276 [] BasicClientConnectionManager - Get connection for route {s}->https://api.github.com:443
[DEBUG] 2025-09-02 00:29:08.336 [] DefaultClientConnectionOperator - Connecting to api.github.com:443
[DEBUG] 2025-09-02 00:29:08.654 [] RequestAddCookies - CookieSpec selected: ignoreCookies
[DEBUG] 2025-09-02 00:29:08.656 [] RequestAuthCache - Auth cache not set in the context
[DEBUG] 2025-09-02 00:29:08.657 [] RequestTargetAuthentication - Target auth state: UNCHALLENGED
[DEBUG] 2025-09-02 00:29:08.657 [] RequestProxyAuthentication - Proxy auth state: UNCHALLENGED
[DEBUG] 2025-09-02 00:29:08.657 [] DefaultClientConnection - Sending request: GET /repos/ShaftHQ/SHAFT_ENGINE/releases/latest HTTP/1.1
[DEBUG] 2025-09-02 00:29:08.657 [] wire -  >> "GET /repos/ShaftHQ/SHAFT_ENGINE/releases/latest HTTP/1.1[\r][\n]"
[DEBUG] 2025-09-02 00:29:08.658 [] wire -  >> "Accept: */*[\r][\n]"
[DEBUG] 2025-09-02 00:29:08.658 [] wire -  >> "Host: api.github.com[\r][\n]"
[DEBUG] 2025-09-02 00:29:08.659 [] wire -  >> "Connection: Keep-Alive[\r][\n]"
[DEBUG] 2025-09-02 00:29:08.659 [] wire -  >> "User-Agent: Apache-HttpClient/4.5.13 (Java/23.0.1)[\r][\n]"
[DEBUG] 2025-09-02 00:29:08.659 [] wire -  >> "Accept-Encoding: gzip,deflate[\r][\n]"
[DEBUG] 2025-09-02 00:29:08.659 [] wire -  >> "[\r][\n]"
[DEBUG] 2025-09-02 00:29:08.659 [] headers - >> GET /repos/ShaftHQ/SHAFT_ENGINE/releases/latest HTTP/1.1
[DEBUG] 2025-09-02 00:29:08.659 [] headers - >> Accept: */*
[DEBUG] 2025-09-02 00:29:08.659 [] headers - >> Host: api.github.com
[DEBUG] 2025-09-02 00:29:08.659 [] headers - >> Connection: Keep-Alive
[DEBUG] 2025-09-02 00:29:08.659 [] headers - >> User-Agent: Apache-HttpClient/4.5.13 (Java/23.0.1)
[DEBUG] 2025-09-02 00:29:08.659 [] headers - >> Accept-Encoding: gzip,deflate
[DEBUG] 2025-09-02 00:29:08.932 [] wire -  << "HTTP/1.1 200 OK[\r][\n]"
[DEBUG] 2025-09-02 00:29:08.935 [] wire -  << "Date: Mon, 01 Sep 2025 21:29:08 GMT[\r][\n]"
[DEBUG] 2025-09-02 00:29:08.935 [] wire -  << "Content-Type: application/json; charset=utf-8[\r][\n]"
[DEBUG] 2025-09-02 00:29:08.936 [] wire -  << "Cache-Control: public, max-age=60, s-maxage=60[\r][\n]"
[DEBUG] 2025-09-02 00:29:08.937 [] wire -  << "Vary: Accept,Accept-Encoding, Accept, X-Requested-With[\r][\n]"
[DEBUG] 2025-09-02 00:29:08.937 [] wire -  << "ETag: W/"77b58ee584e127b2cb25e85d0181607eecfc9bfb9bd47b7599e261fcc67f0392"[\r][\n]"
[DEBUG] 2025-09-02 00:29:08.937 [] wire -  << "Last-Modified: Sat, 23 Aug 2025 04:43:44 GMT[\r][\n]"
[DEBUG] 2025-09-02 00:29:08.937 [] wire -  << "X-GitHub-Media-Type: github.v3; format=json[\r][\n]"
[DEBUG] 2025-09-02 00:29:08.938 [] wire -  << "x-github-api-version-selected: 2022-11-28[\r][\n]"
[DEBUG] 2025-09-02 00:29:08.938 [] wire -  << "Access-Control-Expose-Headers: ETag, Link, Location, Retry-After, X-GitHub-OTP, X-RateLimit-Limit, X-RateLimit-Remaining, X-RateLimit-Used, X-RateLimit-Resource, X-RateLimit-Reset, X-OAuth-Scopes, X-Accepted-OAuth-Scopes, X-Poll-Interval, X-GitHub-Media-Type, X-GitHub-SSO, X-GitHub-Request-Id, Deprecation, Sunset[\r][\n]"
[DEBUG] 2025-09-02 00:29:08.938 [] wire -  << "Access-Control-Allow-Origin: *[\r][\n]"
[DEBUG] 2025-09-02 00:29:08.938 [] wire -  << "Strict-Transport-Security: max-age=31536000; includeSubdomains; preload[\r][\n]"
[DEBUG] 2025-09-02 00:29:08.938 [] wire -  << "X-Frame-Options: deny[\r][\n]"
[DEBUG] 2025-09-02 00:29:08.938 [] wire -  << "X-Content-Type-Options: nosniff[\r][\n]"
[DEBUG] 2025-09-02 00:29:08.939 [] wire -  << "X-XSS-Protection: 0[\r][\n]"
[DEBUG] 2025-09-02 00:29:08.939 [] wire -  << "Referrer-Policy: origin-when-cross-origin, strict-origin-when-cross-origin[\r][\n]"
[DEBUG] 2025-09-02 00:29:08.939 [] wire -  << "Content-Security-Policy: default-src 'none'[\r][\n]"
[DEBUG] 2025-09-02 00:29:08.939 [] wire -  << "Content-Encoding: gzip[\r][\n]"
[DEBUG] 2025-09-02 00:29:08.939 [] wire -  << "Server: github.com[\r][\n]"
[DEBUG] 2025-09-02 00:29:08.939 [] wire -  << "Accept-Ranges: bytes[\r][\n]"
[DEBUG] 2025-09-02 00:29:08.939 [] wire -  << "X-RateLimit-Limit: 60[\r][\n]"
[DEBUG] 2025-09-02 00:29:08.939 [] wire -  << "X-RateLimit-Remaining: 51[\r][\n]"
[DEBUG] 2025-09-02 00:29:08.940 [] wire -  << "X-RateLimit-Reset: 1756764691[\r][\n]"
[DEBUG] 2025-09-02 00:29:08.940 [] wire -  << "X-RateLimit-Resource: core[\r][\n]"
[DEBUG] 2025-09-02 00:29:08.940 [] wire -  << "X-RateLimit-Used: 9[\r][\n]"
[DEBUG] 2025-09-02 00:29:08.940 [] wire -  << "Content-Length: 778[\r][\n]"
[DEBUG] 2025-09-02 00:29:08.940 [] wire -  << "X-GitHub-Request-Id: FE03:12F87A:73C8D1:6B4240:68B61023[\r][\n]"
[DEBUG] 2025-09-02 00:29:08.940 [] wire -  << "[\r][\n]"
[DEBUG] 2025-09-02 00:29:08.941 [] DefaultClientConnection - Receiving response: HTTP/1.1 200 OK
[DEBUG] 2025-09-02 00:29:08.941 [] headers - << HTTP/1.1 200 OK
[DEBUG] 2025-09-02 00:29:08.942 [] headers - << Date: Mon, 01 Sep 2025 21:29:08 GMT
[DEBUG] 2025-09-02 00:29:08.942 [] headers - << Content-Type: application/json; charset=utf-8
[DEBUG] 2025-09-02 00:29:08.942 [] headers - << Cache-Control: public, max-age=60, s-maxage=60
[DEBUG] 2025-09-02 00:29:08.942 [] headers - << Vary: Accept,Accept-Encoding, Accept, X-Requested-With
[DEBUG] 2025-09-02 00:29:08.942 [] headers - << ETag: W/"77b58ee584e127b2cb25e85d0181607eecfc9bfb9bd47b7599e261fcc67f0392"
[DEBUG] 2025-09-02 00:29:08.942 [] headers - << Last-Modified: Sat, 23 Aug 2025 04:43:44 GMT
[DEBUG] 2025-09-02 00:29:08.942 [] headers - << X-GitHub-Media-Type: github.v3; format=json
[DEBUG] 2025-09-02 00:29:08.943 [] headers - << x-github-api-version-selected: 2022-11-28
[DEBUG] 2025-09-02 00:29:08.943 [] headers - << Access-Control-Expose-Headers: ETag, Link, Location, Retry-After, X-GitHub-OTP, X-RateLimit-Limit, X-RateLimit-Remaining, X-RateLimit-Used, X-RateLimit-Resource, X-RateLimit-Reset, X-OAuth-Scopes, X-Accepted-OAuth-Scopes, X-Poll-Interval, X-GitHub-Media-Type, X-GitHub-SSO, X-GitHub-Request-Id, Deprecation, Sunset
[DEBUG] 2025-09-02 00:29:08.943 [] headers - << Access-Control-Allow-Origin: *
[DEBUG] 2025-09-02 00:29:08.943 [] headers - << Strict-Transport-Security: max-age=31536000; includeSubdomains; preload
[DEBUG] 2025-09-02 00:29:08.943 [] headers - << X-Frame-Options: deny
[DEBUG] 2025-09-02 00:29:08.943 [] headers - << X-Content-Type-Options: nosniff
[DEBUG] 2025-09-02 00:29:08.943 [] headers - << X-XSS-Protection: 0
[DEBUG] 2025-09-02 00:29:08.943 [] headers - << Referrer-Policy: origin-when-cross-origin, strict-origin-when-cross-origin
[DEBUG] 2025-09-02 00:29:08.943 [] headers - << Content-Security-Policy: default-src 'none'
[DEBUG] 2025-09-02 00:29:08.944 [] headers - << Content-Encoding: gzip
[DEBUG] 2025-09-02 00:29:08.944 [] headers - << Server: github.com
[DEBUG] 2025-09-02 00:29:08.944 [] headers - << Accept-Ranges: bytes
[DEBUG] 2025-09-02 00:29:08.944 [] headers - << X-RateLimit-Limit: 60
[DEBUG] 2025-09-02 00:29:08.944 [] headers - << X-RateLimit-Remaining: 51
[DEBUG] 2025-09-02 00:29:08.944 [] headers - << X-RateLimit-Reset: 1756764691
[DEBUG] 2025-09-02 00:29:08.944 [] headers - << X-RateLimit-Resource: core
[DEBUG] 2025-09-02 00:29:08.944 [] headers - << X-RateLimit-Used: 9
[DEBUG] 2025-09-02 00:29:08.944 [] headers - << Content-Length: 778
[DEBUG] 2025-09-02 00:29:08.944 [] headers - << X-GitHub-Request-Id: FE03:12F87A:73C8D1:6B4240:68B61023
[DEBUG] 2025-09-02 00:29:08.966 [] RestAssuredHttpBuilder - Parsing response as: application/json; charset=utf-8
[DEBUG] 2025-09-02 00:29:08.967 [] wire -  << "[0x1f][0x8b][0x8][0x0][0x0][0x0][0x0][0x0][0x0][0x3][0xad][0x95][\r]O[0xdb]0[0x10][0x86][0xff]J[0x14][0x84]&U%[0x9]i[0xda][0x95]H[0x88][0x1]-[0x1f]BP1:M[0x1a][0xa0][0xc8]I[0xdc][0xc4][0x9b]c[[0xb6][0xd3][0xae]T[0xfc][0xf7][0x9d][0xd3]P[0x95]h+"
[DEBUG] 2025-09-02 00:29:08.971 [] wire -  << "hEH[0x15]u[0xed][0xe7][0xce][0xef][0x9d][0xdf][[0xd8][0xa5][0xa4]vh[0xe7]Z[0xb][0x15][0xba].[0x12][0xc4][0xc9][0x88][0xce][0xcb][0xd8]Ix[0xe1]J,[0xb8]r[0xef]r4[0xd1][0x17][0xb7][0xee][0xdd][0xc5][0xf1][0xd9]8[0x1a][0xde][0x9c]_[0xde][0xc][0xe1]'[0x8a][0x91][0xc2][0xca][0xf5][0x3][0xdf][0xf3][0xbc]n[0xaf]g[0xb7]m[0xa4][0x14][0xd6]*[0xfa]8[0xa6][0xbb]$[0x2][0xba][0x14][0x94][0xa3][0xb4][0x81]^.[0xaa][0xff]N[0xb9][0xc6]/[0x8e][0x18]*p[0x9b][0xa2][0x18][0xd3]g[0x88][0x95][0xeb][0x82]6"[0xad][0x89][0xb2]Y[0xe][0x8d]2[0xf7][0xc0][0xe9]8[0xbe][0xe7]w[0xbd][0xbe][0xdf][0x1][0x1c]I[0xed]p[0xa5][0x12][0x88]T[0xea][0x9c]K;\[0xd8][0x94]g[0x84][0x81][0xfa]K[0xf8][0x1e]J4[0xe1]L[0xdd][0xc7]\?[0xd6][0xc7][0x82][0xfd][0xfe]A[0xdf][0xef][0xfb]m[0x9b][0xf1][0x14]G[0x86]d_[0xf][0xae]{[0xb7][0xc5][0x81]w3[0x18][0x6][0xa3]q6[0x1f][\r].[0xf][0x8d][0xf6]S[0xa4][0x91]lj_-[0xbe][0x8]T*,[0x13][0xce]4f[0xba]*/a[0xee]~[0xb7][0xd3][0xeb][0x1f]M[0xf][0x3] d[0xb2]fTa[0x8c][0xe6][0x9b]z[0xc3][0xc0][0x94][0xfb]:[0xf5][0xdd][0xee][0x9]$[0xbf][0xdb][0x1d][0xbc])"[0x12][0xa2]y[0x18][0xce]L8[0xa5]|[0x6][0xdc][0xe6]5^[0xb7][0xe5][0xc6][0xd0][0xee][\n]"
[DEBUG] 2025-09-02 00:29:08.971 [] wire -  << "[0xb2][0x2][0x12][0x96]m[0xf][0x4][0xc8][0xc2][0xe5]:[0xc7][0xa0]1\[0xdd][0xf4]IF[0xd4][[0xdd][0xbe]9[0xd5][\n]"
[DEBUG] 2025-09-02 00:29:08.971 [] wire -  << "[0xb0][0x0][0x11][0x95][0x86][0xda][0x1a][0xa4][0x82]rI[0xdc][0xec][0xf3][0xc6][0xb3][0xdc][0xc][0xad][0x11][0x90][0xec][0x8c]A[0x9e][0x8b][0xea][0x15]W[0xec]2V[0x89]$[0xa2][0xea][0xb2]m[0x4]y[0x5][0x2]0[0x97][0x19]b[0xe4][0x9]m[\r][0x6][0x90][0x2]^e;[0xdb]$X[0x1][0x0][0x84][0xa7][0xd0][0xea][[0x91][0x96][0x84][0x85]+$[0x99][0xa2]dnd[0x94]8[0xc1]d[\n]"
[DEBUG] 2025-09-02 00:29:08.972 [] wire -  << "5[0xda][0x9e][0xde]@[0x1]\[0xcf][0x5][0x86][0xc7]w[0xc2]5|1u[0x8e][0xa6][0x4][0xcf][0xa2]zY[0x94]1%[0x89])%[0xd1]8Bia[0xec]c[0x82][0xa8][0xc2][0xcf][0xeb][0xe][0xf1]u[0x18][0xfd][0x9a][\r]F[0xa7][0xe7]x[0xdc]S[0xc1]([0xbe][0xba][0xf2][\r][0x1a]e[0x91][0xf1]9[0xc0]7[0xc][\n]"
[DEBUG] 2025-09-02 00:29:08.972 [] wire -  << "z.[0xc3]:[0x2]K([0x88]&*[0x87][0x1d][0x5][0x2]40[0xff][0xba]?[0x95]0[0x10][0xea][0xc0]`oEQj[0x14]S[0x0]W[0xa9][0xb4]m!q=[0x1e]VK[0x89][0xc4]H[0x83]f[0x8][0xce][0xd9][0xc6][0x1b][0xf7][0xbc][0xfe][0x9e][0xdf][0x19]{A[0x18]tB[0xdf][0xff]a[0xae]+[0xd2][\r]{[0x82][0xc0][0xec][0xa9][0x14]P[0xf9]?I[0xcb]][0xf5][0xd4][0x8][0xef][0x1f][0xcd][0xb5]e[0x8c]h[0xd3][0xcf][0xdf]?[0xe8][0xea][0xf3]MS"b+l}[0xbe][0x89][0x8d]y:[0x7][0x85]vv[0xac][0xef]9[0xd2][0x9f][0x94]u[0x9a]#[0x96][0xe1][0xf4][0x81][0xb5],U[\n]"
[DEBUG] 2025-09-02 00:29:08.972 [] wire -  << "[0xc1][0xa5][0xb6]&\Z([0x83][0xce]&[0xc9]1[0xb1][\n]"
[DEBUG] 2025-09-02 00:29:08.972 [] wire -  << "[0x18][0xc]V<[0xb7][0xbe]\[0xf3][0x1c][0xc5][0xf0]A[0xb0]E[0x98][0xf5]2[0xd1][0xdf][0x1a]\[0xa2][0xa4][0xd4][0xf5][0xbd][0xcf][0x81][0x89][0xf0][0xad][0xaa][0x80]u[0xbc][0x1c]D[0xce]O[0x98][0x7][0xd6][0x84][0xfc][0x6][0xeb][0xb3][0xc0]9[0xc0][0x9c][0xcd]&|[0xc1]cB[0xb1]UO[0xac][0xf][0x8][0xdf]5[0xe1][0xd7][0xdb][0xf2][0x3][0x98][0xbd][0x7]f[0xfe]Z[0xad]3[0xb8]c-$[0x8c][0xdc]V+|[0xb7]:[0xf0]$[0x4][0x92]x[0xbd]J[0xbe][0xe3]8[0x8d][0xf7]S[0x98]Z[0x18]OMx[0xc9][0xa0][0xc1][0xf7][0x9f][0xff][0x0][0xcb][0xd9]4[0x12]X[0x9][0x0][0x0]"
[DEBUG] 2025-09-02 00:29:08.973 [] RestAssuredHttpBuilder - Parsed data to instance of: class org.apache.http.conn.EofSensorInputStream
[DEBUG] 2025-09-02 00:29:09.172 [] BasicClientConnectionManager - Releasing connection org.apache.http.impl.conn.ManagedClientConnectionImpl@612f00af
[DEBUG] 2025-09-02 00:29:09.172 [] BasicClientConnectionManager - Connection can be kept alive indefinitely
[WARN ] 2025-09-02 00:29:09.750 [main] ReportManager - Sep 02, 2025 12:29:09 AM org.openqa.selenium.devtools.CdpVersionFinder findNearestMatch
[WARN ] 2025-09-02 00:29:09.750 [main] ReportManager - WARNING: Unable to find an exact match for CDP version 139, returning the closest version; found: 135; Please update to a Selenium version that supports CDP version 139
[INFO ] 2025-09-02 00:29:09.758 [main] ReportManager - Successfully Opened: "Windows | Chrome".
[INFO ] 2025-09-02 00:29:09.776 [main] ReportManager - Target URL: "http://192.168.1.60/auth/login"
[INFO ] 2025-09-02 00:29:09.792 [main] ReportManager - Initial URL: "about:blank"
[INFO ] 2025-09-02 00:29:09.895 [main] ReportManager - Navigate to url "http://192.168.1.60/auth/login".
[INFO ] 2025-09-02 00:29:09.934 [main] ReportManager - Successfully created attachment 'SHAFT Engine Logs - Current Method log: browsersetup'
[INFO ] 2025-09-02 00:29:09.976 [main] ReportManager - 
[0;7m------------------------------------------------------------------------------------------------------------------------------------------------
                                              Starting execution of loginvalid configuration method                                              
                                                             'Stafftest.loginvalid'                                                             
------------------------------------------------------------------------------------------------------------------------------------------------
[0m
[WARN ] 2025-09-02 00:29:10.254 [] ReportManager - 
[1;33m------------------------------------------------------------------------------------------------------------------------------------------------
                                          âš ï¸ You're using an outdated engine version "9.2.20250409" âš ï¸                                          
                                 Kindly upgrade to the latest one "9.3.20250823" to ensure the best experience.                                 
                           For more information click here: https://github.com/ShaftHQ/SHAFT_ENGINE/releases/latest .                           
------------------------------------------------------------------------------------------------------------------------------------------------
[0m
[ERROR] 2025-09-02 00:29:10.879 [main] AllureLifecycle - Could not update step: step with uuid b2820ea2-b93b-49e6-a219-fb664e90f045 not found
[INFO ] 2025-09-02 00:29:10.880 [main] ReportManager - Type "Username *"
[INFO ] 2025-09-02 00:29:10.889 [main] ReportManager - Get current url "http://192.168.1.60/auth/login".
[DEBUG] 2025-09-02 00:29:10.941 [Finalizer] DefaultClientConnection - Connection 0.0.0.0:65027<->140.82.121.6:443 closed
[ERROR] 2025-09-02 00:29:11.024 [main] AllureLifecycle - Could not update step: step with uuid b2820ea2-b93b-49e6-a219-fb664e90f045 not found
[INFO ] 2025-09-02 00:29:11.024 [main] ReportManager - Type "Password * Forgot Password?"
[ERROR] 2025-09-02 00:29:16.125 [main] AllureLifecycle - Could not update step: step with uuid b2820ea2-b93b-49e6-a219-fb664e90f045 not found
[INFO ] 2025-09-02 00:29:16.126 [main] ReportManager - Click "By.xpath: //span[@class='p-button-label']"
[INFO ] 2025-09-02 00:29:21.136 [main] ReportManager - Successfully created attachment 'SHAFT Engine Logs - Current Method log: loginvalid'
[INFO ] 2025-09-02 00:29:21.137 [main] ReportManager - 
[0;7m------------------------------------------------------------------------------------------------------------------------------------------------
                                                Starting execution of login configuration method                                                
                                                                'Stafftest.login'                                                                
------------------------------------------------------------------------------------------------------------------------------------------------
[0m
[INFO ] 2025-09-02 00:29:21.141 [main] ReportManager - Loaded Test Data: "E:\staff\src\test\resources\staffinfo.json".
[INFO ] 2025-09-02 00:29:21.150 [main] ReportManager - Successfully created attachment 'Test Data - JSON'
[INFO ] 2025-09-02 00:29:21.156 [main] ReportManager - 
[0;7m------------------------------------------------------------------------------------------------------------------------------------------------
                                             Starting execution of suite setup configuration method                                             
                                          'com.shaft.listeners.internal.ConfigurationHelper.suiteSetup'                                          
------------------------------------------------------------------------------------------------------------------------------------------------
[0m
[INFO ] 2025-09-02 00:29:21.158 [main] ReportManager - Initializing Properties...
[INFO ] 2025-09-02 00:29:21.210 [main] ReportManager - 
[0;7m------------------------------------------------------------------------------------------------------------------------------------------------
                                        Starting Execution: '1 out of 1' test cases in the current suite                                        
                                                        Test Method: 'Stafftest.addstaff'                                                        
------------------------------------------------------------------------------------------------------------------------------------------------
[0m
[ERROR] 2025-09-02 00:29:21.321 [main] AllureLifecycle - Could not update step: step with uuid b547e7b5-1871-4682-8f53-6d0ad6d75323 not found
[INFO ] 2025-09-02 00:29:21.324 [main] ReportManager - Click "By.xpath: /html/body/ndc-root/ndc-layout/div/div[1]/tilde-theme-side-menu/div/ul/li[4]/a/span"
[ERROR] 2025-09-02 00:29:21.463 [main] AllureLifecycle - Could not update step: step with uuid b547e7b5-1871-4682-8f53-6d0ad6d75323 not found
[INFO ] 2025-09-02 00:29:21.464 [main] ReportManager - Click "By.xpath: //span[normalize-space()='Add staff']"
[ERROR] 2025-09-02 00:29:21.794 [main] AllureLifecycle - Could not update step: step with uuid b547e7b5-1871-4682-8f53-6d0ad6d75323 not found
[INFO ] 2025-09-02 00:29:21.795 [main] ReportManager - Click "By.xpath: /html/body/ndc-root/ndc-layout/div/div[2]/div[1]/div/ndc-add-staff/div/div/ndc-fg-form-container/div/ndc-fg-form-generator/form/div[1]/div/ndc-fg-input[1]/ndc-fg-dropdown-input/p-dropdown/div/span"
[ERROR] 2025-09-02 00:29:21.982 [main] AllureLifecycle - Could not update step: step with uuid b547e7b5-1871-4682-8f53-6d0ad6d75323 not found
[INFO ] 2025-09-02 00:29:21.983 [main] ReportManager - Click "Relative Locator: {filters=[{args=[{xpath=/html/body/ndc-root/ndc-layout/div/div[2]/div[1]/div/ndc-add-staff/div/div/ndc-fg-form-container/div/ndc-fg-form-generator/form/div[1]/div/ndc-fg-input[1]/ndc-fg-dropdown-input/p-dropdown/div/span}], kind=below}], root={xpath=//*[contains(.,"StaffUser")]}}"
[ERROR] 2025-09-02 00:29:22.110 [main] AllureLifecycle - Could not update step: step with uuid b547e7b5-1871-4682-8f53-6d0ad6d75323 not found
[INFO ] 2025-09-02 00:29:22.111 [main] ReportManager - Click "By.xpath: /html/body/ndc-root/ndc-layout/div/div[2]/div[1]/div/ndc-add-staff/div/div/ndc-fg-form-container/div/ndc-fg-form-generator/form/div[1]/div/ndc-fg-input[2]/ndc-fg-dropdown-input/p-multiselect/div/div[2]/div"
[ERROR] 2025-09-02 00:29:22.326 [main] AllureLifecycle - Could not update step: step with uuid b547e7b5-1871-4682-8f53-6d0ad6d75323 not found
[INFO ] 2025-09-02 00:29:22.328 [main] ReportManager - Click "Relative Locator: {filters=[{args=[{xpath=/html/body/ndc-root/ndc-layout/div/div[2]/div[1]/div/ndc-add-staff/div/div/ndc-fg-form-container/div/ndc-fg-form-generator/form/div[1]/div/ndc-fg-input[2]/ndc-fg-dropdown-input/p-multiselect/div/div[2]/div}], kind=below}], root={xpath=//*[contains(.,"Emirates(United Arab Emirates)")]}}"
[ERROR] 2025-09-02 00:29:22.481 [main] AllureLifecycle - Could not update step: step with uuid b547e7b5-1871-4682-8f53-6d0ad6d75323 not found
[INFO ] 2025-09-02 00:29:22.481 [main] ReportManager - Click "By.xpath: /html/body/ndc-root/ndc-layout/div/div[2]/div[1]/div/ndc-add-staff/div/div/ndc-fg-form-container/div/ndc-fg-form-generator/form/div[1]/div/ndc-fg-input[3]/ndc-fg-dropdown-input/p-multiselect/div/div[2]/div"
[ERROR] 2025-09-02 00:29:22.683 [main] AllureLifecycle - Could not update step: step with uuid b547e7b5-1871-4682-8f53-6d0ad6d75323 not found
[INFO ] 2025-09-02 00:29:22.683 [main] ReportManager - Click "Relative Locator: {filters=[{args=[{xpath=/html/body/ndc-root/ndc-layout/div/div[2]/div[1]/div/ndc-add-staff/div/div/ndc-fg-form-container/div/ndc-fg-form-generator/form/div[1]/div/ndc-fg-input[3]/ndc-fg-dropdown-input/p-multiselect/div/div[2]/div}], kind=below}], root={xpath=//*[contains(.,"Dubai")]}}"
[ERROR] 2025-09-02 00:29:22.854 [main] AllureLifecycle - Could not update step: step with uuid b547e7b5-1871-4682-8f53-6d0ad6d75323 not found
[INFO ] 2025-09-02 00:29:22.855 [main] ReportManager - Click "By.xpath: /html/body/ndc-root/ndc-layout/div/div[2]/div[1]/div/ndc-add-staff/div/div/ndc-fg-form-container/div/ndc-fg-form-generator/form/div[1]/div/ndc-fg-input[4]/ndc-fg-dropdown-input/p-multiselect/div/div[2]/div"
[ERROR] 2025-09-02 00:29:23.124 [main] AllureLifecycle - Could not update step: step with uuid b547e7b5-1871-4682-8f53-6d0ad6d75323 not found
[INFO ] 2025-09-02 00:29:23.124 [main] ReportManager - Click "Relative Locator: {filters=[{args=[{xpath=/html/body/ndc-root/ndc-layout/div/div[2]/div[1]/div/ndc-add-staff/div/div/ndc-fg-form-container/div/ndc-fg-form-generator/form/div[1]/div/ndc-fg-input[4]/ndc-fg-dropdown-input/p-multiselect/div/div[2]/div}], kind=below}], root={xpath=//*[contains(.,"BRANCH MANAGER")]}}"
[ERROR] 2025-09-02 00:29:23.280 [main] AllureLifecycle - Could not update step: step with uuid b547e7b5-1871-4682-8f53-6d0ad6d75323 not found
[INFO ] 2025-09-02 00:29:23.281 [main] ReportManager - Click "By.xpath: /html/body/ndc-root/ndc-layout/div/div[2]/div[1]/div/ndc-add-staff/div/div/ndc-fg-form-container/div/ndc-fg-form-generator/form/div[1]/div/ndc-fg-input[5]/ndc-fg-dropdown-input/p-multiselect/div/div[2]/div"
[ERROR] 2025-09-02 00:29:23.497 [main] AllureLifecycle - Could not update step: step with uuid b547e7b5-1871-4682-8f53-6d0ad6d75323 not found
[INFO ] 2025-09-02 00:29:23.497 [main] ReportManager - Click "Relative Locator: {filters=[{args=[{xpath=/html/body/ndc-root/ndc-layout/div/div[2]/div[1]/div/ndc-add-staff/div/div/ndc-fg-form-container/div/ndc-fg-form-generator/form/div[1]/div/ndc-fg-input[5]/ndc-fg-dropdown-input/p-multiselect/div/div[2]/div}], kind=below}], root={xpath=//*[contains(.,"Admin Role")]}}"
[ERROR] 2025-09-02 00:29:23.621 [main] AllureLifecycle - Could not update step: step with uuid b547e7b5-1871-4682-8f53-6d0ad6d75323 not found
[INFO ] 2025-09-02 00:29:23.628 [main] ReportManager - Type "Employee name *"
[ERROR] 2025-09-02 00:29:23.761 [main] AllureLifecycle - Could not update step: step with uuid b547e7b5-1871-4682-8f53-6d0ad6d75323 not found
[INFO ] 2025-09-02 00:29:23.763 [main] ReportManager - Type "Employee email *"
[ERROR] 2025-09-02 00:29:23.912 [main] AllureLifecycle - Could not update step: step with uuid b547e7b5-1871-4682-8f53-6d0ad6d75323 not found
[INFO ] 2025-09-02 00:29:23.915 [main] ReportManager - Type "+20 1001234567"
[ERROR] 2025-09-02 00:29:24.043 [main] AllureLifecycle - Could not update step: step with uuid b547e7b5-1871-4682-8f53-6d0ad6d75323 not found
[INFO ] 2025-09-02 00:29:24.044 [main] ReportManager - Type "Username *"
[ERROR] 2025-09-02 00:29:24.205 [main] AllureLifecycle - Could not update step: step with uuid b547e7b5-1871-4682-8f53-6d0ad6d75323 not found
[INFO ] 2025-09-02 00:29:24.206 [main] ReportManager - Click "By.xpath: /html/body/ndc-root/ndc-layout/div/div[2]/div[1]/div/ndc-add-staff/div/div/ndc-fg-form-container/div/ndc-fg-form-generator/form/div[2]/div/ndc-fg-input[6]/ndc-fg-dropdown-input/p-dropdown/div/span"
[ERROR] 2025-09-02 00:29:24.515 [main] AllureLifecycle - Could not update step: step with uuid b547e7b5-1871-4682-8f53-6d0ad6d75323 not found
[INFO ] 2025-09-02 00:29:24.515 [main] ReportManager - Click "Relative Locator: {filters=[{args=[{xpath=/html/body/ndc-root/ndc-layout/div/div[2]/div[1]/div/ndc-add-staff/div/div/ndc-fg-form-container/div/ndc-fg-form-generator/form/div[2]/div/ndc-fg-input[6]/ndc-fg-dropdown-input/p-dropdown/div/span}], kind=below}], root={xpath=//*[contains(.,"No Approver")]}}"
[ERROR] 2025-09-02 00:29:24.816 [main] AllureLifecycle - Could not update step: step with uuid b547e7b5-1871-4682-8f53-6d0ad6d75323 not found
[INFO ] 2025-09-02 00:29:24.817 [main] ReportManager - Click "By.xpath: //span[contains(text(),'Send for Approval')]"
[ERROR] 2025-09-02 00:29:26.508 [main] AllureLifecycle - Could not update step: step with uuid b547e7b5-1871-4682-8f53-6d0ad6d75323 not found
[INFO ] 2025-09-02 00:29:26.508 [main] ReportManager - Click "By.xpath: //span[normalize-space()='Add staff']"
[ERROR] 2025-09-02 00:29:26.624 [main] AllureLifecycle - Could not update step: step with uuid b547e7b5-1871-4682-8f53-6d0ad6d75323 not found
[INFO ] 2025-09-02 00:29:26.625 [main] ReportManager - Click "By.xpath: /html/body/ndc-root/ndc-layout/div/div[2]/div[1]/div/ndc-add-staff/div/div/ndc-fg-form-container/div/ndc-fg-form-generator/form/div[1]/div/ndc-fg-input[1]/ndc-fg-dropdown-input/p-dropdown/div/span"
[ERROR] 2025-09-02 00:29:26.853 [main] AllureLifecycle - Could not update step: step with uuid b547e7b5-1871-4682-8f53-6d0ad6d75323 not found
[INFO ] 2025-09-02 00:29:26.855 [main] ReportManager - Click "Relative Locator: {filters=[{args=[{xpath=/html/body/ndc-root/ndc-layout/div/div[2]/div[1]/div/ndc-add-staff/div/div/ndc-fg-form-container/div/ndc-fg-form-generator/form/div[1]/div/ndc-fg-input[1]/ndc-fg-dropdown-input/p-dropdown/div/span}], kind=below}], root={xpath=//*[contains(.,"StaffUser")]}}"
[ERROR] 2025-09-02 00:29:26.953 [main] AllureLifecycle - Could not update step: step with uuid b547e7b5-1871-4682-8f53-6d0ad6d75323 not found
[INFO ] 2025-09-02 00:29:26.953 [main] ReportManager - Click "By.xpath: /html/body/ndc-root/ndc-layout/div/div[2]/div[1]/div/ndc-add-staff/div/div/ndc-fg-form-container/div/ndc-fg-form-generator/form/div[1]/div/ndc-fg-input[2]/ndc-fg-dropdown-input/p-multiselect/div/div[2]/div"
[ERROR] 2025-09-02 00:29:27.133 [main] AllureLifecycle - Could not update step: step with uuid b547e7b5-1871-4682-8f53-6d0ad6d75323 not found
[INFO ] 2025-09-02 00:29:27.135 [main] ReportManager - Click "Relative Locator: {filters=[{args=[{xpath=/html/body/ndc-root/ndc-layout/div/div[2]/div[1]/div/ndc-add-staff/div/div/ndc-fg-form-container/div/ndc-fg-form-generator/form/div[1]/div/ndc-fg-input[2]/ndc-fg-dropdown-input/p-multiselect/div/div[2]/div}], kind=below}], root={xpath=//*[contains(.,"Emirates(United Arab Emirates)")]}}"
[ERROR] 2025-09-02 00:29:27.249 [main] AllureLifecycle - Could not update step: step with uuid b547e7b5-1871-4682-8f53-6d0ad6d75323 not found
[INFO ] 2025-09-02 00:29:27.249 [main] ReportManager - Click "By.xpath: /html/body/ndc-root/ndc-layout/div/div[2]/div[1]/div/ndc-add-staff/div/div/ndc-fg-form-container/div/ndc-fg-form-generator/form/div[1]/div/ndc-fg-input[3]/ndc-fg-dropdown-input/p-multiselect/div/div[2]/div"
[ERROR] 2025-09-02 00:29:27.484 [main] AllureLifecycle - Could not update step: step with uuid b547e7b5-1871-4682-8f53-6d0ad6d75323 not found
[INFO ] 2025-09-02 00:29:27.485 [main] ReportManager - Click "Relative Locator: {filters=[{args=[{xpath=/html/body/ndc-root/ndc-layout/div/div[2]/div[1]/div/ndc-add-staff/div/div/ndc-fg-form-container/div/ndc-fg-form-generator/form/div[1]/div/ndc-fg-input[3]/ndc-fg-dropdown-input/p-multiselect/div/div[2]/div}], kind=below}], root={xpath=//*[contains(.,"Dubai")]}}"
[ERROR] 2025-09-02 00:29:27.636 [main] AllureLifecycle - Could not update step: step with uuid b547e7b5-1871-4682-8f53-6d0ad6d75323 not found
[INFO ] 2025-09-02 00:29:27.637 [main] ReportManager - Click "By.xpath: /html/body/ndc-root/ndc-layout/div/div[2]/div[1]/div/ndc-add-staff/div/div/ndc-fg-form-container/div/ndc-fg-form-generator/form/div[1]/div/ndc-fg-input[4]/ndc-fg-dropdown-input/p-multiselect/div/div[2]/div"
[ERROR] 2025-09-02 00:29:27.835 [main] AllureLifecycle - Could not update step: step with uuid b547e7b5-1871-4682-8f53-6d0ad6d75323 not found
[INFO ] 2025-09-02 00:29:27.836 [main] ReportManager - Click "Relative Locator: {filters=[{args=[{xpath=/html/body/ndc-root/ndc-layout/div/div[2]/div[1]/div/ndc-add-staff/div/div/ndc-fg-form-container/div/ndc-fg-form-generator/form/div[1]/div/ndc-fg-input[4]/ndc-fg-dropdown-input/p-multiselect/div/div[2]/div}], kind=below}], root={xpath=//*[contains(.,"BRANCH MANAGER")]}}"
[ERROR] 2025-09-02 00:29:28.006 [main] AllureLifecycle - Could not update step: step with uuid b547e7b5-1871-4682-8f53-6d0ad6d75323 not found
[INFO ] 2025-09-02 00:29:28.007 [main] ReportManager - Click "By.xpath: /html/body/ndc-root/ndc-layout/div/div[2]/div[1]/div/ndc-add-staff/div/div/ndc-fg-form-container/div/ndc-fg-form-generator/form/div[1]/div/ndc-fg-input[5]/ndc-fg-dropdown-input/p-multiselect/div/div[2]/div"
[ERROR] 2025-09-02 00:29:28.250 [main] AllureLifecycle - Could not update step: step with uuid b547e7b5-1871-4682-8f53-6d0ad6d75323 not found
[INFO ] 2025-09-02 00:29:28.251 [main] ReportManager - Click "Relative Locator: {filters=[{args=[{xpath=/html/body/ndc-root/ndc-layout/div/div[2]/div[1]/div/ndc-add-staff/div/div/ndc-fg-form-container/div/ndc-fg-form-generator/form/div[1]/div/ndc-fg-input[5]/ndc-fg-dropdown-input/p-multiselect/div/div[2]/div}], kind=below}], root={xpath=//*[contains(.,"Admin Role")]}}"
[ERROR] 2025-09-02 00:29:28.342 [main] AllureLifecycle - Could not update step: step with uuid b547e7b5-1871-4682-8f53-6d0ad6d75323 not found
[INFO ] 2025-09-02 00:29:28.343 [main] ReportManager - Type "Employee name *"
[ERROR] 2025-09-02 00:29:28.452 [main] AllureLifecycle - Could not update step: step with uuid b547e7b5-1871-4682-8f53-6d0ad6d75323 not found
[INFO ] 2025-09-02 00:29:28.452 [main] ReportManager - Type "Employee email *"
[ERROR] 2025-09-02 00:29:28.603 [main] AllureLifecycle - Could not update step: step with uuid b547e7b5-1871-4682-8f53-6d0ad6d75323 not found
[INFO ] 2025-09-02 00:29:28.603 [main] ReportManager - Type "+20 1001234567"
[ERROR] 2025-09-02 00:29:28.706 [main] AllureLifecycle - Could not update step: step with uuid b547e7b5-1871-4682-8f53-6d0ad6d75323 not found
[INFO ] 2025-09-02 00:29:28.710 [main] ReportManager - Type "Username *"
[INFO ] 2025-09-02 00:29:29.072 [main] ReportManager - user is already exists
[INFO ] 2025-09-02 00:29:29.075 [main] ReportManager - Successfully created attachment 'SHAFT Engine Logs - Current Method log: addstaff'
[INFO ] 2025-09-02 00:29:29.075 [main] ReportManager - 
[0;7m------------------------------------------------------------------------------------------------------------------------------------------------
                                             Finished Execution of Test Method: 'Stafftest.addstaff'                                             
                                                              Test Status: 'Passed'                                                              
------------------------------------------------------------------------------------------------------------------------------------------------
[0m
[INFO ] 2025-09-02 00:29:29.131 [main] ReportManager - 
[0;7m------------------------------------------------------------------------------------------------------------------------------------------------
                                           Starting execution of engine tear down configuration method                                           
                                        'com.shaft.listeners.internal.ConfigurationHelper.engineTearDown'                                        
------------------------------------------------------------------------------------------------------------------------------------------------
[0m
[INFO ] 2025-09-02 00:29:29.132 [main] ReportManager - Successfully created attachment 'SHAFT Engine Logs - Execution log'
